Thu 14 Mar 2024 09:09:01 PM UTC: 
 exercises.c | 5 +++++
 1 file changed, 5 insertions(+)
In file included from test.c:5:
exercises.c: In function ‘crea_lista’:
exercises.c:46:29: error: lvalue required as increment operand
   46 |   for(int i = 0 ; i < 10 ; 1++)
      |                             ^~
Compilation failed
a35de4a
Thu 14 Mar 2024 09:09:17 PM UTC: 
 exercises.c | 2 +-
 1 file changed, 1 insertion(+), 1 deletion(-)
 tests:  0|5
total_score: 0/70
a5369d3
Thu 14 Mar 2024 09:10:06 PM UTC: 
 exercises.c | 1 +
 1 file changed, 1 insertion(+)
 tests:  1|4
total_score: 10/70
0386ec6
Thu 14 Mar 2024 09:13:48 PM UTC: 
 exercises.c | 11 +++++++++--
 1 file changed, 9 insertions(+), 2 deletions(-)
In file included from test.c:5:
exercises.c: In function ‘sumaLista’:
exercises.c:66:14: error: assignment to ‘int’ from ‘int *’ makes integer from pointer without a cast [-Werror=int-conversion]
   66 |         suma += dato;
      |              ^~
cc1: all warnings being treated as errors
Compilation failed
02f9b9d
Thu 14 Mar 2024 09:15:10 PM UTC: 
 exercises.c | 1 +
 1 file changed, 1 insertion(+)
In file included from test.c:5:
exercises.c: In function ‘sumaLista’:
exercises.c:66:14: error: assignment to ‘int’ from ‘int *’ makes integer from pointer without a cast [-Werror=int-conversion]
   66 |         suma += dato;
      |              ^~
cc1: all warnings being treated as errors
Compilation failed
d074506
Thu 14 Mar 2024 09:15:23 PM UTC: 
 exercises.c | 2 +-
 1 file changed, 1 insertion(+), 1 deletion(-)
In file included from test.c:5:
exercises.c: In function ‘sumaLista’:
exercises.c:66:14: error: assignment to ‘int’ from ‘int *’ makes integer from pointer without a cast [-Werror=int-conversion]
   66 |         suma = suma + dato;
      |              ^
cc1: all warnings being treated as errors
Compilation failed
7bf3f70
Thu 14 Mar 2024 09:15:55 PM UTC: 
 exercises.c | 2 +-
 1 file changed, 1 insertion(+), 1 deletion(-)
In file included from test.c:5:
exercises.c: In function ‘sumaLista’:
exercises.c:66:13: error: assignment to ‘int’ from ‘int *’ makes integer from pointer without a cast [-Werror=int-conversion]
   66 |        suma += dato;
      |             ^~
cc1: all warnings being treated as errors
Compilation failed
6611e94
Thu 14 Mar 2024 09:22:08 PM UTC: 
 exercises.c | 2 +-
 1 file changed, 1 insertion(+), 1 deletion(-)
 tests:  2|3
total_score: 20/70
5aed836
Wed 20 Mar 2024 01:59:27 AM UTC: 
 exercises.c | 12 ++++++++++--
 1 file changed, 10 insertions(+), 2 deletions(-)
In file included from test.c:5:
exercises.c: In function ‘eliminaElementos’:
exercises.c:88:9: error: implicit declaration of function ‘pupCurrent’; did you mean ‘popCurrent’? [-Werror=implicit-function-declaration]
   88 |         pupCurrent(L);
      |         ^~~~~~~~~~
      |         popCurrent
cc1: all warnings being treated as errors
Compilation failed
987e0a9
Wed 20 Mar 2024 02:00:05 AM UTC: 
 exercises.c | 1 +
 1 file changed, 1 insertion(+)
In file included from test.c:5:
exercises.c: In function ‘eliminaElementos’:
exercises.c:88:9: error: implicit declaration of function ‘pupCurrent’; did you mean ‘popCurrent’? [-Werror=implicit-function-declaration]
   88 |         pupCurrent(L);
      |         ^~~~~~~~~~
      |         popCurrent
exercises.c:89:17: error: dereferencing ‘void *’ pointer [-Werror]
   89 |         *dato = *(next(L));
      |                 ^~~~~~~~~~
exercises.c:89:15: error: void value not ignored as it ought to be
   89 |         *dato = *(next(L));
      |               ^
cc1: all warnings being treated as errors
Compilation failed
2093100
Wed 20 Mar 2024 02:00:43 AM UTC: 
 exercises.c | 3 +--
 1 file changed, 1 insertion(+), 2 deletions(-)
In file included from test.c:5:
exercises.c: In function ‘eliminaElementos’:
exercises.c:88:9: error: implicit declaration of function ‘pupCurrent’; did you mean ‘popCurrent’? [-Werror=implicit-function-declaration]
   88 |         pupCurrent(*dato);
      |         ^~~~~~~~~~
      |         popCurrent
cc1: all warnings being treated as errors
Compilation failed
235da95
Wed 20 Mar 2024 02:02:09 AM UTC: 
 exercises.c | 3 ++-
 1 file changed, 2 insertions(+), 1 deletion(-)
 tests:  3|2
total_score: 40/70
fe6cad3
Wed 20 Mar 2024 02:05:51 AM UTC: 
 exercises.c | 8 +++++++-
 1 file changed, 7 insertions(+), 1 deletion(-)
 tests:  3|2
total_score: 40/70
5157eec
Wed 20 Mar 2024 02:06:12 AM UTC: 
 exercises.c | 1 +
 1 file changed, 1 insertion(+)
 tests:  3|2
total_score: 40/70
40874b9
Wed 20 Mar 2024 02:08:18 AM UTC: 
 exercises.c | 7 +------
 1 file changed, 1 insertion(+), 6 deletions(-)
 tests:  3|2
total_score: 40/70
5e2d832
Sat 23 Mar 2024 02:23:56 AM UTC: 
 exercises.c | 6 ++++++
 1 file changed, 6 insertions(+)
In file included from test.c:5:
exercises.c: In function ‘copia_pila’:
exercises.c:103:15: error: implicit declaration of function ‘createSrack’; did you mean ‘create_stack’? [-Werror=implicit-function-declaration]
  103 |   Stack *P3 = createSrack();
      |               ^~~~~~~~~~~
      |               create_stack
exercises.c:103:15: error: initialization of ‘Stack *’ {aka ‘List *’} from ‘int’ makes pointer from integer without a cast [-Werror=int-conversion]
cc1: all warnings being treated as errors
Compilation failed
2a89388
Sat 23 Mar 2024 02:24:12 AM UTC: 
 exercises.c | 2 +-
 1 file changed, 1 insertion(+), 1 deletion(-)
In file included from test.c:5:
exercises.c: In function ‘copia_pila’:
exercises.c:103:15: error: implicit declaration of function ‘createStack’; did you mean ‘create_stack’? [-Werror=implicit-function-declaration]
  103 |   Stack *P3 = createStack();
      |               ^~~~~~~~~~~
      |               create_stack
exercises.c:103:15: error: initialization of ‘Stack *’ {aka ‘List *’} from ‘int’ makes pointer from integer without a cast [-Werror=int-conversion]
cc1: all warnings being treated as errors
Compilation failed
166794b
Sat 23 Mar 2024 02:24:21 AM UTC: 
 exercises.c | 2 +-
 1 file changed, 1 insertion(+), 1 deletion(-)
In file included from test.c:5:
exercises.c: In function ‘copia_pila’:
exercises.c:103:15: error: implicit declaration of function ‘createstack’; did you mean ‘create_stack’? [-Werror=implicit-function-declaration]
  103 |   Stack *P3 = createstack();
      |               ^~~~~~~~~~~
      |               create_stack
exercises.c:103:15: error: initialization of ‘Stack *’ {aka ‘List *’} from ‘int’ makes pointer from integer without a cast [-Werror=int-conversion]
cc1: all warnings being treated as errors
Compilation failed
ec190bf
Sat 23 Mar 2024 02:24:29 AM UTC: 
 exercises.c | 2 +-
 1 file changed, 1 insertion(+), 1 deletion(-)
 tests:  3|2
total_score: 40/70
2a03703
Sat 23 Mar 2024 02:25:26 AM UTC: 
 exercises.c | 5 ++++-
 1 file changed, 4 insertions(+), 1 deletion(-)
 tests:  3|2
total_score: 40/70
80c3f9b
Sat 23 Mar 2024 02:33:58 AM UTC: 
 exercises.c | 3 ++-
 1 file changed, 2 insertions(+), 1 deletion(-)
 tests:  0|0
60eaf33
Sat 23 Mar 2024 02:34:24 AM UTC: 
 exercises.c | 2 +-
 1 file changed, 1 insertion(+), 1 deletion(-)
 tests:  3|2
total_score: 40/70
58c4c61
Sat 23 Mar 2024 02:35:50 AM UTC: 
 exercises.c | 4 ++++
 1 file changed, 4 insertions(+)
 tests:  3|2
total_score: 40/70
240c988
Sat 23 Mar 2024 02:36:26 AM UTC: 
 exercises.c | 2 +-
 1 file changed, 1 insertion(+), 1 deletion(-)
In file included from test.c:5:
exercises.c: In function ‘copia_pila’:
exercises.c:114:24: error: expected ‘)’ before ‘{’ token
  114 |   while ((dato != NULL)
      |         ~              ^
      |                        )
  115 |     {
      |     ~                   
exercises.c:118:1: error: expected expression before ‘}’ token
  118 | }
      | ^
Compilation failed
ccac7f3
Sat 23 Mar 2024 02:37:10 AM UTC: 
 exercises.c | 2 +-
 1 file changed, 1 insertion(+), 1 deletion(-)
 tests:  0|0
bfc34f9
Sat 23 Mar 2024 02:37:29 AM UTC: 
 exercises.c | 2 +-
 1 file changed, 1 insertion(+), 1 deletion(-)
 tests:  3|2
total_score: 40/70
75893fd
Sat 23 Mar 2024 02:37:56 AM UTC: 
 exercises.c | 3 ---
 1 file changed, 3 deletions(-)
 tests:  4|1
total_score: 50/70
e31f7b0
Sat 23 Mar 2024 02:43:17 AM UTC: 
 exercises.c | 34 +++++++++++++++++++++++++++++++++-
 1 file changed, 33 insertions(+), 1 deletion(-)
In file included from test.c:5:
exercises.c: In function ‘parentesisBalanceados’:
exercises.c:131:16: error: comparison with string literal results in unspecified behavior [-Werror=address]
  131 |     if (cadena == "[" || cadena == "{" || cadena == "(")
      |                ^~
exercises.c:131:33: error: comparison with string literal results in unspecified behavior [-Werror=address]
  131 |     if (cadena == "[" || cadena == "{" || cadena == "(")
      |                                 ^~
exercises.c:131:50: error: comparison with string literal results in unspecified behavior [-Werror=address]
  131 |     if (cadena == "[" || cadena == "{" || cadena == "(")
      |                                                  ^~
exercises.c:137:18: error: comparison with string literal results in unspecified behavior [-Werror=address]
  137 |       if (cadena == "]" || cadena == "}" || cadena == ")")
      |                  ^~
exercises.c:137:35: error: comparison with string literal results in unspecified behavior [-Werror=address]
  137 |       if (cadena == "]" || cadena == "}" || cadena == ")")
      |                                   ^~
exercises.c:137:52: error: comparison with string literal results in unspecified behavior [-Werror=address]
  137 |       if (cadena == "]" || cadena == "}" || cadena == ")")
      |                                                    ^~
exercises.c:139:20: error: comparison with string literal results in unspecified behavior [-Werror=address]
  139 |         if (cadena == "]")
      |                    ^~
exercises.c:141:22: error: comparison with string literal results in unspecified behavior [-Werror=address]
  141 |           if (pop(P) != "["))
      |                      ^~
exercises.c:141:29: error: expected statement before ‘)’ token
  141 |           if (pop(P) != "["))
      |                             ^
exercises.c:144:20: error: comparison with string literal results in unspecified behavior [-Werror=address]
  144 |         if (cadena == "}")
      |                    ^~
exercises.c:146:22: error: comparison with string literal results in unspecified behavior [-Werror=address]
  146 |           if (pop(P) != "}"))
      |                      ^~
exercises.c:146:29: error: expected statement before ‘)’ token
  146 |           if (pop(P) != "}"))
      |                             ^
exercises.c:149:20: error: comparison with string literal results in unspecified behavior [-Werror=address]
  149 |         if (cadena == ")")
      |                    ^~
exercises.c:151:22: error: comparison with string literal results in unspecified behavior [-Werror=address]
  151 |           if (pop(P) != ")"))
      |                      ^~
exercises.c:151:29: error: expected statement before ‘)’ token
  151 |           if (pop(P) != ")"))
      |                             ^
cc1: all warnings being treated as errors
Compilation failed
d24e415
Sat 23 Mar 2024 02:43:30 AM UTC: 
 exercises.c | 6 +++---
 1 file changed, 3 insertions(+), 3 deletions(-)
In file included from test.c:5:
exercises.c: In function ‘parentesisBalanceados’:
exercises.c:131:16: error: comparison with string literal results in unspecified behavior [-Werror=address]
  131 |     if (cadena == "[" || cadena == "{" || cadena == "(")
      |                ^~
exercises.c:131:33: error: comparison with string literal results in unspecified behavior [-Werror=address]
  131 |     if (cadena == "[" || cadena == "{" || cadena == "(")
      |                                 ^~
exercises.c:131:50: error: comparison with string literal results in unspecified behavior [-Werror=address]
  131 |     if (cadena == "[" || cadena == "{" || cadena == "(")
      |                                                  ^~
exercises.c:137:18: error: comparison with string literal results in unspecified behavior [-Werror=address]
  137 |       if (cadena == "]" || cadena == "}" || cadena == ")")
      |                  ^~
exercises.c:137:35: error: comparison with string literal results in unspecified behavior [-Werror=address]
  137 |       if (cadena == "]" || cadena == "}" || cadena == ")")
      |                                   ^~
exercises.c:137:52: error: comparison with string literal results in unspecified behavior [-Werror=address]
  137 |       if (cadena == "]" || cadena == "}" || cadena == ")")
      |                                                    ^~
exercises.c:139:20: error: comparison with string literal results in unspecified behavior [-Werror=address]
  139 |         if (cadena == "]")
      |                    ^~
exercises.c:141:22: error: comparison with string literal results in unspecified behavior [-Werror=address]
  141 |           if (pop(P) != "[")
      |                      ^~
exercises.c:144:20: error: comparison with string literal results in unspecified behavior [-Werror=address]
  144 |         if (cadena == "}")
      |                    ^~
exercises.c:146:22: error: comparison with string literal results in unspecified behavior [-Werror=address]
  146 |           if (pop(P) != "}")
      |                      ^~
exercises.c:149:20: error: comparison with string literal results in unspecified behavior [-Werror=address]
  149 |         if (cadena == ")")
      |                    ^~
exercises.c:151:22: error: comparison with string literal results in unspecified behavior [-Werror=address]
  151 |           if (pop(P) != ")")
      |                      ^~
cc1: all warnings being treated as errors
Compilation failed
757ed29
Sat 23 Mar 2024 02:44:43 AM UTC: 
 exercises.c | 10 +++++-----
 1 file changed, 5 insertions(+), 5 deletions(-)
In file included from test.c:5:
exercises.c: In function ‘parentesisBalanceados’:
exercises.c:131:17: error: comparison between pointer and integer [-Werror]
  131 |     if (*cadena == "[" || *cadena == "{" || *cadena == "(")
      |                 ^~
exercises.c:131:17: error: comparison with string literal results in unspecified behavior [-Werror=address]
exercises.c:131:35: error: comparison between pointer and integer [-Werror]
  131 |     if (*cadena == "[" || *cadena == "{" || *cadena == "(")
      |                                   ^~
exercises.c:131:35: error: comparison with string literal results in unspecified behavior [-Werror=address]
exercises.c:131:53: error: comparison between pointer and integer [-Werror]
  131 |     if (*cadena == "[" || *cadena == "{" || *cadena == "(")
      |                                                     ^~
exercises.c:131:53: error: comparison with string literal results in unspecified behavior [-Werror=address]
exercises.c:137:19: error: comparison between pointer and integer [-Werror]
  137 |       if (*cadena == "]" || *cadena == "}" || *cadena == ")")
      |                   ^~
exercises.c:137:19: error: comparison with string literal results in unspecified behavior [-Werror=address]
exercises.c:137:37: error: comparison between pointer and integer [-Werror]
  137 |       if (*cadena == "]" || *cadena == "}" || *cadena == ")")
      |                                     ^~
exercises.c:137:37: error: comparison with string literal results in unspecified behavior [-Werror=address]
exercises.c:137:55: error: comparison between pointer and integer [-Werror]
  137 |       if (*cadena == "]" || *cadena == "}" || *cadena == ")")
      |                                                       ^~
exercises.c:137:55: error: comparison with string literal results in unspecified behavior [-Werror=address]
exercises.c:139:21: error: comparison between pointer and integer [-Werror]
  139 |         if (*cadena == "]")
      |                     ^~
exercises.c:139:21: error: comparison with string literal results in unspecified behavior [-Werror=address]
exercises.c:141:22: error: comparison with string literal results in unspecified behavior [-Werror=address]
  141 |           if (pop(P) != "[")
      |                      ^~
exercises.c:144:21: error: comparison between pointer and integer [-Werror]
  144 |         if (*cadena == "}")
      |                     ^~
exercises.c:144:21: error: comparison with string literal results in unspecified behavior [-Werror=address]
exercises.c:146:22: error: comparison with string literal results in unspecified behavior [-Werror=address]
  146 |           if (pop(P) != "}")
      |                      ^~
exercises.c:149:21: error: comparison between pointer and integer [-Werror]
  149 |         if (*cadena == ")")
      |                     ^~
exercises.c:149:21: error: comparison with string literal results in unspecified behavior [-Werror=address]
exercises.c:151:22: error: comparison with string literal results in unspecified behavior [-Werror=address]
  151 |           if (pop(P) != ")")
      |                      ^~
cc1: all warnings being treated as errors
Compilation failed
b0790d8
Sat 23 Mar 2024 02:45:27 AM UTC: 
 exercises.c | 10 +++++-----
 1 file changed, 5 insertions(+), 5 deletions(-)
In file included from test.c:5:
exercises.c: In function ‘parentesisBalanceados’:
exercises.c:131:16: error: comparison between pointer and integer [-Werror]
  131 |     if (cadena == '[' || cadena == '{' || cadena == '(')
      |                ^~
exercises.c:131:33: error: comparison between pointer and integer [-Werror]
  131 |     if (cadena == '[' || cadena == '{' || cadena == '(')
      |                                 ^~
exercises.c:131:50: error: comparison between pointer and integer [-Werror]
  131 |     if (cadena == '[' || cadena == '{' || cadena == '(')
      |                                                  ^~
exercises.c:137:18: error: comparison with string literal results in unspecified behavior [-Werror=address]
  137 |       if (cadena == "]" || cadena == "}" || cadena == ")")
      |                  ^~
exercises.c:137:35: error: comparison with string literal results in unspecified behavior [-Werror=address]
  137 |       if (cadena == "]" || cadena == "}" || cadena == ")")
      |                                   ^~
exercises.c:137:52: error: comparison with string literal results in unspecified behavior [-Werror=address]
  137 |       if (cadena == "]" || cadena == "}" || cadena == ")")
      |                                                    ^~
exercises.c:139:20: error: comparison with string literal results in unspecified behavior [-Werror=address]
  139 |         if (cadena == "]")
      |                    ^~
exercises.c:141:22: error: comparison with string literal results in unspecified behavior [-Werror=address]
  141 |           if (pop(P) != "[")
      |                      ^~
exercises.c:144:20: error: comparison with string literal results in unspecified behavior [-Werror=address]
  144 |         if (cadena == "}")
      |                    ^~
exercises.c:146:22: error: comparison with string literal results in unspecified behavior [-Werror=address]
  146 |           if (pop(P) != "}")
      |                      ^~
exercises.c:149:20: error: comparison with string literal results in unspecified behavior [-Werror=address]
  149 |         if (cadena == ")")
      |                    ^~
exercises.c:151:22: error: comparison with string literal results in unspecified behavior [-Werror=address]
  151 |           if (pop(P) != ")")
      |                      ^~
cc1: all warnings being treated as errors
Compilation failed
722305e
Sat 23 Mar 2024 02:45:50 AM UTC: 
 exercises.c | 2 +-
 1 file changed, 1 insertion(+), 1 deletion(-)
In file included from test.c:5:
exercises.c: In function ‘parentesisBalanceados’:
exercises.c:137:18: error: comparison with string literal results in unspecified behavior [-Werror=address]
  137 |       if (cadena == "]" || cadena == "}" || cadena == ")")
      |                  ^~
exercises.c:137:35: error: comparison with string literal results in unspecified behavior [-Werror=address]
  137 |       if (cadena == "]" || cadena == "}" || cadena == ")")
      |                                   ^~
exercises.c:137:52: error: comparison with string literal results in unspecified behavior [-Werror=address]
  137 |       if (cadena == "]" || cadena == "}" || cadena == ")")
      |                                                    ^~
exercises.c:139:20: error: comparison with string literal results in unspecified behavior [-Werror=address]
  139 |         if (cadena == "]")
      |                    ^~
exercises.c:141:22: error: comparison with string literal results in unspecified behavior [-Werror=address]
  141 |           if (pop(P) != "[")
      |                      ^~
exercises.c:144:20: error: comparison with string literal results in unspecified behavior [-Werror=address]
  144 |         if (cadena == "}")
      |                    ^~
exercises.c:146:22: error: comparison with string literal results in unspecified behavior [-Werror=address]
  146 |           if (pop(P) != "}")
      |                      ^~
exercises.c:149:20: error: comparison with string literal results in unspecified behavior [-Werror=address]
  149 |         if (cadena == ")")
      |                    ^~
exercises.c:151:22: error: comparison with string literal results in unspecified behavior [-Werror=address]
  151 |           if (pop(P) != ")")
      |                      ^~
cc1: all warnings being treated as errors
Compilation failed
0d20758
Sat 23 Mar 2024 02:49:17 AM UTC: 
 exercises.c | 14 +++++++-------
 1 file changed, 7 insertions(+), 7 deletions(-)
In file included from test.c:5:
exercises.c: In function ‘parentesisBalanceados’:
exercises.c:137:36: error: comparison between pointer and integer [-Werror]
  137 |       if (*cadena == ']' || cadena == '}' || cadena == ')')
      |                                    ^~
exercises.c:137:53: error: comparison between pointer and integer [-Werror]
  137 |       if (*cadena == ']' || cadena == '}' || cadena == ')')
      |                                                     ^~
exercises.c:141:22: error: comparison between pointer and integer [-Werror]
  141 |           if (pop(P) != '[' || pop(P) == NULL))
      |                      ^~
exercises.c:141:47: error: expected statement before ‘)’ token
  141 |           if (pop(P) != '[' || pop(P) == NULL))
      |                                               ^
exercises.c:146:22: error: comparison between pointer and integer [-Werror]
  146 |           if (pop(P) != '}' || pop(P) == NULL)
      |                      ^~
exercises.c:151:22: error: comparison between pointer and integer [-Werror]
  151 |           if (pop(P) != ')' || pop(P) == NULL))
      |                      ^~
exercises.c:151:47: error: expected statement before ‘)’ token
  151 |           if (pop(P) != ')' || pop(P) == NULL))
      |                                               ^
cc1: all warnings being treated as errors
Compilation failed
38c4829
Sat 23 Mar 2024 02:49:45 AM UTC: 
 exercises.c | 6 +++---
 1 file changed, 3 insertions(+), 3 deletions(-)
In file included from test.c:5:
exercises.c: In function ‘parentesisBalanceados’:
exercises.c:141:22: error: comparison between pointer and integer [-Werror]
  141 |           if (pop(P) != '[' || pop(P) == NULL)
      |                      ^~
exercises.c:146:22: error: comparison between pointer and integer [-Werror]
  146 |           if (pop(P) != '}' || pop(P) == NULL)
      |                      ^~
exercises.c:151:22: error: comparison between pointer and integer [-Werror]
  151 |           if (pop(P) != ')' || pop(P) == NULL)
      |                      ^~
cc1: all warnings being treated as errors
Compilation failed
2ce9018
Sat 23 Mar 2024 02:54:23 AM UTC: 
 exercises.c | 19 +++++++------------
 1 file changed, 7 insertions(+), 12 deletions(-)
In file included from test.c:5:
exercises.c: In function ‘parentesisBalanceados’:
exercises.c:138:11: error: invalid use of incomplete typedef ‘Stack’ {aka ‘List’}
  138 |       if(P->top == NULL)
      |           ^~
exercises.c:145:39: error: comparison between pointer and integer [-Werror]
  145 |         if ((cadena[i] == ']' && *top != '[') || (cadena[i] == '}' &&           *top != '{') || (cadena[i] == ')' && *top != '('))
      |                                       ^~
exercises.c:145:86: error: comparison between pointer and integer [-Werror]
  145 |         if ((cadena[i] == ']' && *top != '[') || (cadena[i] == '}' &&           *top != '{') || (cadena[i] == ')' && *top != '('))
      |                                                                                      ^~
exercises.c:145:123: error: comparison between pointer and integer [-Werror]
  145 |         if ((cadena[i] == ']' && *top != '[') || (cadena[i] == '}' &&           *top != '{') || (cadena[i] == ')' && *top != '('))
      |                                                                                                                           ^~
exercises.c:144:15: error: unused variable ‘dato’ [-Werror=unused-variable]
  144 |         char *dato = (char*)pop(P);
      |               ^~~~
cc1: all warnings being treated as errors
Compilation failed
be827df
Sat 23 Mar 2024 02:54:50 AM UTC: 
 exercises.c | 2 +-
 1 file changed, 1 insertion(+), 1 deletion(-)
In file included from test.c:5:
exercises.c: In function ‘parentesisBalanceados’:
exercises.c:138:11: error: invalid use of incomplete typedef ‘Stack’ {aka ‘List’}
  138 |       if(P->top == NULL)
      |           ^~
Compilation failed
ee3f671
Sat 23 Mar 2024 02:55:10 AM UTC: 
 exercises.c | 2 +-
 1 file changed, 1 insertion(+), 1 deletion(-)
In file included from test.c:5:
exercises.c: In function ‘parentesisBalanceados’:
exercises.c:138:11: error: invalid use of incomplete typedef ‘Stack’ {aka ‘List’}
  138 |       if(P->size == 0))
      |           ^~
exercises.c:138:23: error: expected statement before ‘)’ token
  138 |       if(P->size == 0))
      |                       ^
exercises.c:142:7: error: expected ‘}’ before ‘else’
  142 |       else
      |       ^~~~
In file included from test.c:5:
exercises.c: At top level:
exercises.c:153:3: error: expected identifier or ‘(’ before ‘return’
  153 |   return 1;
      |   ^~~~~~
exercises.c:154:1: error: expected identifier or ‘(’ before ‘}’ token
  154 | }
      | ^
exercises.c: In function ‘parentesisBalanceados’:
exercises.c:152:3: error: control reaches end of non-void function [-Werror=return-type]
  152 |   }
      |   ^
cc1: all warnings being treated as errors
Compilation failed
f268b33
Sat 23 Mar 2024 02:55:28 AM UTC: 
 exercises.c | 2 +-
 1 file changed, 1 insertion(+), 1 deletion(-)
In file included from test.c:5:
exercises.c: In function ‘parentesisBalanceados’:
exercises.c:138:22: error: expected statement before ‘)’ token
  138 |       if(top(P) == 0))
      |                      ^
exercises.c:142:7: error: expected ‘}’ before ‘else’
  142 |       else
      |       ^~~~
In file included from test.c:5:
exercises.c: At top level:
exercises.c:153:3: error: expected identifier or ‘(’ before ‘return’
  153 |   return 1;
      |   ^~~~~~
exercises.c:154:1: error: expected identifier or ‘(’ before ‘}’ token
  154 | }
      | ^
exercises.c: In function ‘parentesisBalanceados’:
exercises.c:152:3: error: control reaches end of non-void function [-Werror=return-type]
  152 |   }
      |   ^
cc1: all warnings being treated as errors
Compilation failed
0f987f0
Sat 23 Mar 2024 02:56:14 AM UTC: 
 exercises.c | 2 +-
 1 file changed, 1 insertion(+), 1 deletion(-)
 tests:  0|0
bded405
Sat 23 Mar 2024 02:56:29 AM UTC: 
 exercises.c | 2 +-
 1 file changed, 1 insertion(+), 1 deletion(-)
 tests:  0|0
52e4ab6
Sat 23 Mar 2024 02:57:03 AM UTC: 
 exercises.c | 1 +
 1 file changed, 1 insertion(+)
 tests:  5|1
total_score: 50/70
649024c
Sat 23 Mar 2024 02:58:13 AM UTC: 
 exercises.c | 5 +++++
 1 file changed, 5 insertions(+)
 tests:  4|1
total_score: 50/70
d0d74ea
Sat 23 Mar 2024 02:58:31 AM UTC: 
 exercises.c | 2 ++
 1 file changed, 2 insertions(+)
 tests:  4|1
total_score: 50/70
827606e
Sat 23 Mar 2024 03:00:26 AM UTC: 
 exercises.c | 2 +-
 1 file changed, 1 insertion(+), 1 deletion(-)
In file included from test.c:5:
exercises.c: In function ‘parentesisBalanceados’:
exercises.c:129:10: error: invalid type argument of unary ‘*’ (have ‘int’)
  129 |   while (*cadena[i] != '\0')
      |          ^~~~~~~~~~
Compilation failed
676c0cf
